{"total": {"lines":{"total":430,"covered":354,"skipped":0,"pct":82.32},"statements":{"total":457,"covered":368,"skipped":0,"pct":80.52},"functions":{"total":118,"covered":86,"skipped":0,"pct":72.88},"branches":{"total":270,"covered":207,"skipped":0,"pct":76.66},"branchesTrue":{"total":0,"covered":0,"skipped":0,"pct":100}}
,"/Users/aturashov/Pet/wms/wms-front/src/api/index.ts": {"lines":{"total":59,"covered":58,"skipped":0,"pct":98.3},"functions":{"total":23,"covered":20,"skipped":0,"pct":86.95},"statements":{"total":63,"covered":60,"skipped":0,"pct":95.23},"branches":{"total":22,"covered":19,"skipped":0,"pct":86.36}}
,"/Users/aturashov/Pet/wms/wms-front/src/components/Column.tsx": {"lines":{"total":10,"covered":5,"skipped":0,"pct":50},"functions":{"total":4,"covered":2,"skipped":0,"pct":50},"statements":{"total":10,"covered":5,"skipped":0,"pct":50},"branches":{"total":2,"covered":0,"skipped":0,"pct":0}}
,"/Users/aturashov/Pet/wms/wms-front/src/components/CommentPanel.tsx": {"lines":{"total":23,"covered":21,"skipped":0,"pct":91.3},"functions":{"total":5,"covered":5,"skipped":0,"pct":100},"statements":{"total":23,"covered":21,"skipped":0,"pct":91.3},"branches":{"total":12,"covered":12,"skipped":0,"pct":100}}
,"/Users/aturashov/Pet/wms/wms-front/src/components/CommentSection.tsx": {"lines":{"total":61,"covered":52,"skipped":0,"pct":85.24},"functions":{"total":24,"covered":19,"skipped":0,"pct":79.16},"statements":{"total":65,"covered":54,"skipped":0,"pct":83.07},"branches":{"total":36,"covered":28,"skipped":0,"pct":77.77}}
,"/Users/aturashov/Pet/wms/wms-front/src/components/MentionTextarea.tsx": {"lines":{"total":96,"covered":71,"skipped":0,"pct":73.95},"functions":{"total":17,"covered":11,"skipped":0,"pct":64.7},"statements":{"total":104,"covered":76,"skipped":0,"pct":73.07},"branches":{"total":58,"covered":43,"skipped":0,"pct":74.13}}
,"/Users/aturashov/Pet/wms/wms-front/src/components/Sidebar.tsx": {"lines":{"total":9,"covered":9,"skipped":0,"pct":100},"functions":{"total":6,"covered":6,"skipped":0,"pct":100},"statements":{"total":9,"covered":9,"skipped":0,"pct":100},"branches":{"total":16,"covered":16,"skipped":0,"pct":100}}
,"/Users/aturashov/Pet/wms/wms-front/src/components/TaskCard.tsx": {"lines":{"total":87,"covered":59,"skipped":0,"pct":67.81},"functions":{"total":23,"covered":13,"skipped":0,"pct":56.52},"statements":{"total":94,"covered":63,"skipped":0,"pct":67.02},"branches":{"total":72,"covered":51,"skipped":0,"pct":70.83}}
,"/Users/aturashov/Pet/wms/wms-front/src/components/TaskModal.tsx": {"lines":{"total":42,"covered":38,"skipped":0,"pct":90.47},"functions":{"total":11,"covered":7,"skipped":0,"pct":63.63},"statements":{"total":45,"covered":39,"skipped":0,"pct":86.66},"branches":{"total":24,"covered":21,"skipped":0,"pct":87.5}}
,"/Users/aturashov/Pet/wms/wms-front/src/components/TaskPage.tsx": {"lines":{"total":33,"covered":31,"skipped":0,"pct":93.93},"functions":{"total":5,"covered":3,"skipped":0,"pct":60},"statements":{"total":34,"covered":31,"skipped":0,"pct":91.17},"branches":{"total":28,"covered":17,"skipped":0,"pct":60.71}}
,"/Users/aturashov/Pet/wms/wms-front/src/test/fixtures.ts": {"lines":{"total":10,"covered":10,"skipped":0,"pct":100},"functions":{"total":0,"covered":0,"skipped":0,"pct":100},"statements":{"total":10,"covered":10,"skipped":0,"pct":100},"branches":{"total":0,"covered":0,"skipped":0,"pct":100}}
}
